Using pre-set license
Built from '2020.3/china_unity/release' branch; Version is '2020.3.1f1c1 (3e9f4b065a9d) revision 4104011'; Using compiler version '192528614'; Build Type 'Release'
OS: 'Windows 10 Pro; OS build 19043.1110; Version 2009; 64bit' Language: 'zh' Physical Memory: 16310 MB
BatchMode: 1, IsHumanControllingUs: 0, StartBugReporterOnCrash: 0, Is64bit: 1, IsPro: 0

 COMMAND LINE ARGUMENTS:
D:\unity\2020.3.1f1c1\Editor\Unity.exe
-adb2
-batchMode
-noUpm
-name
AssetImportWorker0
-projectPath
D:/UnityProject/Dark Souls
-logFile
Logs/AssetImportWorker0.log
-srvPort
53735
Successfully changed project path to: D:/UnityProject/Dark Souls
D:/UnityProject/Dark Souls
Using Asset Import Pipeline V2.
Refreshing native plugins compatible for Editor in 18.98 ms, found 0 plugins.
Preloading 0 native plugins for Editor in 0.00 ms.
Initialize engine version: 2020.3.1f1c1 (3e9f4b065a9d)
[Subsystems] Discovering subsystems at path D:/unity/2020.3.1f1c1/Editor/Data/Resources/UnitySubsystems
[Subsystems] Discovering subsystems at path D:/UnityProject/Dark Souls/Assets
GfxDevice: creating device client; threaded=0
Direct3D:
    Version:  Direct3D 11.0 [level 11.1]
    Renderer: NVIDIA GeForce RTX 3070 (ID=0x2484)
    Vendor:   
    VRAM:     8043 MB
    Driver:   30.0.14.7141
Initialize mono
Mono path[0] = 'D:/unity/2020.3.1f1c1/Editor/Data/Managed'
Mono path[1] = 'D:/unity/2020.3.1f1c1/Editor/Data/MonoBleedingEdge/lib/mono/unityjit'
Mono config path = 'D:/unity/2020.3.1f1c1/Editor/Data/MonoBleedingEdge/etc'
Using monoOptions --debugger-agent=transport=dt_socket,embedding=1,server=y,suspend=n,address=127.0.0.1:56744
Begin MonoManager ReloadAssembly
Registering precompiled unity dll's ...
Register platform support module: D:/unity/2020.3.1f1c1/Editor/Data/PlaybackEngines/WebGLSupport/UnityEditor.WebGL.Extensions.dll
Register platform support module: D:/unity/2020.3.1f1c1/Editor/Data/PlaybackEngines/WindowsStandaloneSupport/UnityEditor.WindowsStandalone.Extensions.dll
Registered in 0.000833 seconds.
Native extension for WindowsStandalone target not found
Native extension for WebGL target not found
Refreshing native plugins compatible for Editor in 19.30 ms, found 0 plugins.
Preloading 0 native plugins for Editor in 0.00 ms.
Invoked RoslynAnalysisRunner static constructor.
RoslynAnalysisRunner will not be running.
RoslynAnalysisRunner has terminated.
Mono: successfully reloaded assembly
- Completed reload, in  0.574 seconds
Platform modules already initialized, skipping
Registering precompiled user dll's ...
Registered in 0.001623 seconds.
Begin MonoManager ReloadAssembly
Native extension for WindowsStandalone target not found
Native extension for WebGL target not found
Refreshing native plugins compatible for Editor in 0.33 ms, found 0 plugins.
Preloading 0 native plugins for Editor in 0.00 ms.
Invoked RoslynAnalysisRunner static constructor.
RoslynAnalysisRunner will not be running.
RoslynAnalysisRunner has terminated.
Mono: successfully reloaded assembly
- Completed reload, in  0.618 seconds
Platform modules already initialized, skipping
========================================================================
Worker process is ready to serve import requests
Launched and connected shader compiler UnityShaderCompiler.exe after 0.03 seconds
Refreshing native plugins compatible for Editor in 0.31 ms, found 0 plugins.
Preloading 0 native plugins for Editor in 0.00 ms.
Unloading 1534 Unused Serialized files (Serialized files now loaded: 0)
System memory in use before: 72.0 MB.
System memory in use after: 72.1 MB.

Unloading 16 unused Assets to reduce memory usage. Loaded Objects now: 1972.
Total: 1.797000 ms (FindLiveObjects: 0.197700 ms CreateObjectMapping: 0.039200 ms MarkObjects: 1.513100 ms  DeleteObjects: 0.046000 ms)

========================================================================
Received Import Request.
  path: Assets/Scripts/ActorController.cs
  artifactKey: Guid(90f6d66e5d7717842a529fb1a92bf229) Importer(815301076,1909f56bfc062723c751e8b465ee728b)
Start importing Assets/Scripts/ActorController.cs using Guid(90f6d66e5d7717842a529fb1a92bf229) Importer(815301076,1909f56bfc062723c751e8b465ee728b)  -> (artifact id: '0e4ea8c6ec7421ee31c03436fa7bd06f') in 0.015611 seconds
  Import took 0.026029 seconds .

========================================================================
Received Import Request.
  Time since last request: 145.174482 seconds.
  path: Assets/Scripts/ActorController.cs
  artifactKey: Guid(90f6d66e5d7717842a529fb1a92bf229) Importer(815301076,1909f56bfc062723c751e8b465ee728b)
Start importing Assets/Scripts/ActorController.cs using Guid(90f6d66e5d7717842a529fb1a92bf229) Importer(815301076,1909f56bfc062723c751e8b465ee728b)  -> (artifact id: 'ff6b5850b4410cd360f9d09c38554413') in 0.001307 seconds
  Import took 0.003960 seconds .

========================================================================
Received Import Request.
  Time since last request: 50.293167 seconds.
  path: Assets/Scripts/ActorController.cs
  artifactKey: Guid(90f6d66e5d7717842a529fb1a92bf229) Importer(815301076,1909f56bfc062723c751e8b465ee728b)
Start importing Assets/Scripts/ActorController.cs using Guid(90f6d66e5d7717842a529fb1a92bf229) Importer(815301076,1909f56bfc062723c751e8b465ee728b)  -> (artifact id: 'df331777aa015e4c9dbc58d63cf3af00') in 0.001327 seconds
  Import took 0.003726 seconds .

========================================================================
Received Import Request.
  Time since last request: 3.328934 seconds.
  path: Assets/Scripts/ActorController.cs
  artifactKey: Guid(90f6d66e5d7717842a529fb1a92bf229) Importer(815301076,1909f56bfc062723c751e8b465ee728b)
Start importing Assets/Scripts/ActorController.cs using Guid(90f6d66e5d7717842a529fb1a92bf229) Importer(815301076,1909f56bfc062723c751e8b465ee728b)  -> (artifact id: 'f2bca91c5c78c2a6d2e4270a643cd8ea') in 0.001322 seconds
  Import took 0.003688 seconds .

========================================================================
Received Prepare
Registering precompiled user dll's ...
Registered in 0.001540 seconds.
Begin MonoManager ReloadAssembly
Native extension for WindowsStandalone target not found
Native extension for WebGL target not found
Refreshing native plugins compatible for Editor in 0.32 ms, found 0 plugins.
Preloading 0 native plugins for Editor in 0.00 ms.
Invoked RoslynAnalysisRunner static constructor.
RoslynAnalysisRunner will not be running.
RoslynAnalysisRunner has terminated.
Mono: successfully reloaded assembly
- Completed reload, in  0.588 seconds
Platform modules already initialized, skipping
Refreshing native plugins compatible for Editor in 0.29 ms, found 0 plugins.
Preloading 0 native plugins for Editor in 0.00 ms.
Unloading 1528 Unused Serialized files (Serialized files now loaded: 0)
System memory in use before: 71.9 MB.
System memory in use after: 72.0 MB.

Unloading 11 unused Assets to reduce memory usage. Loaded Objects now: 1976.
Total: 1.655200 ms (FindLiveObjects: 0.163600 ms CreateObjectMapping: 0.037100 ms MarkObjects: 1.436400 ms  DeleteObjects: 0.017300 ms)

========================================================================
Received Import Request.
  Time since last request: 15.122095 seconds.
  path: Assets/Scripts/CameraFollow.cs
  artifactKey: Guid(bce452f14a1c79d4eab7822816e6199a) Importer(815301076,1909f56bfc062723c751e8b465ee728b)
Start importing Assets/Scripts/CameraFollow.cs using Guid(bce452f14a1c79d4eab7822816e6199a) Importer(815301076,1909f56bfc062723c751e8b465ee728b)  -> (artifact id: 'e7c87c987bcae878b6aa51fc529a436e') in 0.014349 seconds
  Import took 0.016990 seconds .

========================================================================
Received Prepare
Registering precompiled user dll's ...
Registered in 0.001688 seconds.
Begin MonoManager ReloadAssembly
Native extension for WindowsStandalone target not found
Native extension for WebGL target not found
Refreshing native plugins compatible for Editor in 0.32 ms, found 0 plugins.
Preloading 0 native plugins for Editor in 0.00 ms.
Invoked RoslynAnalysisRunner static constructor.
RoslynAnalysisRunner will not be running.
RoslynAnalysisRunner has terminated.
Mono: successfully reloaded assembly
- Completed reload, in  0.609 seconds
Platform modules already initialized, skipping
Refreshing native plugins compatible for Editor in 0.20 ms, found 0 plugins.
Preloading 0 native plugins for Editor in 0.00 ms.
Unloading 1527 Unused Serialized files (Serialized files now loaded: 0)
System memory in use before: 71.9 MB.
System memory in use after: 72.0 MB.

Unloading 11 unused Assets to reduce memory usage. Loaded Objects now: 1979.
Total: 1.593300 ms (FindLiveObjects: 0.136200 ms CreateObjectMapping: 0.039300 ms MarkObjects: 1.403600 ms  DeleteObjects: 0.013500 ms)

========================================================================
Received Import Request.
  Time since last request: 42.589925 seconds.
  path: Assets/Scripts/CameraFollow.cs
  artifactKey: Guid(bce452f14a1c79d4eab7822816e6199a) Importer(815301076,1909f56bfc062723c751e8b465ee728b)
Start importing Assets/Scripts/CameraFollow.cs using Guid(bce452f14a1c79d4eab7822816e6199a) Importer(815301076,1909f56bfc062723c751e8b465ee728b)  -> (artifact id: '3e7f425ef1e05a2b36311e9991cb4920') in 0.003268 seconds
  Import took 0.012469 seconds .

========================================================================
Received Prepare
Registering precompiled user dll's ...
Registered in 0.001629 seconds.
Begin MonoManager ReloadAssembly
Native extension for WindowsStandalone target not found
Native extension for WebGL target not found
Refreshing native plugins compatible for Editor in 0.32 ms, found 0 plugins.
Preloading 0 native plugins for Editor in 0.00 ms.
Invoked RoslynAnalysisRunner static constructor.
RoslynAnalysisRunner will not be running.
RoslynAnalysisRunner has terminated.
Mono: successfully reloaded assembly
- Completed reload, in  0.599 seconds
Platform modules already initialized, skipping
Refreshing native plugins compatible for Editor in 0.23 ms, found 0 plugins.
Preloading 0 native plugins for Editor in 0.00 ms.
Unloading 1527 Unused Serialized files (Serialized files now loaded: 0)
System memory in use before: 71.9 MB.
System memory in use after: 72.0 MB.

Unloading 11 unused Assets to reduce memory usage. Loaded Objects now: 1982.
Total: 1.994900 ms (FindLiveObjects: 0.195900 ms CreateObjectMapping: 0.058900 ms MarkObjects: 1.725200 ms  DeleteObjects: 0.014200 ms)

========================================================================
Received Import Request.
  Time since last request: 55.761591 seconds.
  path: Assets/Scripts/FSMClearSignal.cs
  artifactKey: Guid(37ab09e086cfe6945980332ed2a7908f) Importer(815301076,1909f56bfc062723c751e8b465ee728b)
Start importing Assets/Scripts/FSMClearSignal.cs using Guid(37ab09e086cfe6945980332ed2a7908f) Importer(815301076,1909f56bfc062723c751e8b465ee728b)  -> (artifact id: '9249424b3fa115c0c7e700a3f22b6650') in 0.009202 seconds
  Import took 0.011173 seconds .

========================================================================
Received Prepare
Registering precompiled user dll's ...
Registered in 0.001680 seconds.
Begin MonoManager ReloadAssembly
Native extension for WindowsStandalone target not found
Native extension for WebGL target not found
Refreshing native plugins compatible for Editor in 0.32 ms, found 0 plugins.
Preloading 0 native plugins for Editor in 0.00 ms.
Invoked RoslynAnalysisRunner static constructor.
RoslynAnalysisRunner will not be running.
RoslynAnalysisRunner has terminated.
Mono: successfully reloaded assembly
- Completed reload, in  0.596 seconds
Platform modules already initialized, skipping
Refreshing native plugins compatible for Editor in 0.32 ms, found 0 plugins.
Preloading 0 native plugins for Editor in 0.00 ms.
Unloading 1527 Unused Serialized files (Serialized files now loaded: 0)
System memory in use before: 71.9 MB.
System memory in use after: 72.0 MB.

Unloading 11 unused Assets to reduce memory usage. Loaded Objects now: 1985.
Total: 1.785600 ms (FindLiveObjects: 0.157400 ms CreateObjectMapping: 0.037000 ms MarkObjects: 1.575200 ms  DeleteObjects: 0.015400 ms)

========================================================================
Received Import Request.
  Time since last request: 126.397666 seconds.
  path: Assets/Scripts/FSMSendMassage.cs
  artifactKey: Guid(ceeaae1e39c9ad7428f505e0786f3acf) Importer(815301076,1909f56bfc062723c751e8b465ee728b)
Start importing Assets/Scripts/FSMSendMassage.cs using Guid(ceeaae1e39c9ad7428f505e0786f3acf) Importer(815301076,1909f56bfc062723c751e8b465ee728b)  -> (artifact id: '250a26f85119d94e638e60f40331b4b2') in 0.007191 seconds
  Import took 0.009510 seconds .

========================================================================
Received Prepare
Registering precompiled user dll's ...
Registered in 0.002304 seconds.
Begin MonoManager ReloadAssembly
Native extension for WindowsStandalone target not found
Native extension for WebGL target not found
Refreshing native plugins compatible for Editor in 0.32 ms, found 0 plugins.
Preloading 0 native plugins for Editor in 0.00 ms.
Invoked RoslynAnalysisRunner static constructor.
RoslynAnalysisRunner will not be running.
RoslynAnalysisRunner has terminated.
Mono: successfully reloaded assembly
- Completed reload, in  0.616 seconds
Platform modules already initialized, skipping
Refreshing native plugins compatible for Editor in 0.31 ms, found 0 plugins.
Preloading 0 native plugins for Editor in 0.00 ms.
Unloading 1527 Unused Serialized files (Serialized files now loaded: 0)
System memory in use before: 71.9 MB.
System memory in use after: 72.1 MB.

Unloading 11 unused Assets to reduce memory usage. Loaded Objects now: 1988.
Total: 2.540000 ms (FindLiveObjects: 0.158900 ms CreateObjectMapping: 0.045400 ms MarkObjects: 2.318500 ms  DeleteObjects: 0.016300 ms)

========================================================================
Received Import Request.
  Time since last request: 56.190880 seconds.
  path: Assets/Scripts/InventoryManager.cs
  artifactKey: Guid(0a575a085132a264da5ed8fce21e7a33) Importer(815301076,1909f56bfc062723c751e8b465ee728b)
Start importing Assets/Scripts/InventoryManager.cs using Guid(0a575a085132a264da5ed8fce21e7a33) Importer(815301076,1909f56bfc062723c751e8b465ee728b)  -> (artifact id: '3451f6bed8cdfab048b8e90d34c25fdc') in 0.007535 seconds
  Import took 0.009843 seconds .

========================================================================
Received Prepare
Registering precompiled user dll's ...
Registered in 0.001613 seconds.
Begin MonoManager ReloadAssembly
Native extension for WindowsStandalone target not found
Native extension for WebGL target not found
Refreshing native plugins compatible for Editor in 0.31 ms, found 0 plugins.
Preloading 0 native plugins for Editor in 0.00 ms.
Invoked RoslynAnalysisRunner static constructor.
RoslynAnalysisRunner will not be running.
RoslynAnalysisRunner has terminated.
Mono: successfully reloaded assembly
- Completed reload, in  0.586 seconds
Platform modules already initialized, skipping
Refreshing native plugins compatible for Editor in 0.26 ms, found 0 plugins.
Preloading 0 native plugins for Editor in 0.00 ms.
Unloading 1527 Unused Serialized files (Serialized files now loaded: 0)
System memory in use before: 72.0 MB.
System memory in use after: 72.1 MB.

Unloading 11 unused Assets to reduce memory usage. Loaded Objects now: 1991.
Total: 1.864200 ms (FindLiveObjects: 0.142200 ms CreateObjectMapping: 0.045200 ms MarkObjects: 1.661700 ms  DeleteObjects: 0.014100 ms)

========================================================================
Received Import Request.
  Time since last request: 46.652176 seconds.
  path: Assets/Scripts/OnGroundSensor.cs
  artifactKey: Guid(def25ec00c02b0442be149c242780592) Importer(815301076,1909f56bfc062723c751e8b465ee728b)
Start importing Assets/Scripts/OnGroundSensor.cs using Guid(def25ec00c02b0442be149c242780592) Importer(815301076,1909f56bfc062723c751e8b465ee728b)  -> (artifact id: 'f4d1cd549b1857f3173cb14a3be2ba84') in 0.006703 seconds
  Import took 0.016640 seconds .

========================================================================
Received Prepare
Registering precompiled user dll's ...
Registered in 0.001797 seconds.
Begin MonoManager ReloadAssembly
Native extension for WindowsStandalone target not found
Native extension for WebGL target not found
Refreshing native plugins compatible for Editor in 0.32 ms, found 0 plugins.
Preloading 0 native plugins for Editor in 0.00 ms.
Invoked RoslynAnalysisRunner static constructor.
RoslynAnalysisRunner will not be running.
RoslynAnalysisRunner has terminated.
Mono: successfully reloaded assembly
- Completed reload, in  0.595 seconds
Platform modules already initialized, skipping
Refreshing native plugins compatible for Editor in 0.21 ms, found 0 plugins.
Preloading 0 native plugins for Editor in 0.00 ms.
Unloading 1527 Unused Serialized files (Serialized files now loaded: 0)
System memory in use before: 72.0 MB.
System memory in use after: 72.1 MB.

Unloading 11 unused Assets to reduce memory usage. Loaded Objects now: 1994.
Total: 2.147200 ms (FindLiveObjects: 0.130000 ms CreateObjectMapping: 0.038900 ms MarkObjects: 1.963300 ms  DeleteObjects: 0.014300 ms)

========================================================================
Received Import Request.
  Time since last request: 245.874302 seconds.
  path: Assets/Scripts/PlayerInput.cs
  artifactKey: Guid(316ea12a0f9701f47b5a2a9c36c3bcaa) Importer(815301076,1909f56bfc062723c751e8b465ee728b)
Start importing Assets/Scripts/PlayerInput.cs using Guid(316ea12a0f9701f47b5a2a9c36c3bcaa) Importer(815301076,1909f56bfc062723c751e8b465ee728b)  -> (artifact id: '329d0fb612ca78b46920c0553d9dbb76') in 0.008261 seconds
  Import took 0.010092 seconds .

========================================================================
Received Prepare
Registering precompiled user dll's ...
Registered in 0.001619 seconds.
Begin MonoManager ReloadAssembly
Native extension for WindowsStandalone target not found
Native extension for WebGL target not found
Refreshing native plugins compatible for Editor in 0.34 ms, found 0 plugins.
Preloading 0 native plugins for Editor in 0.00 ms.
Invoked RoslynAnalysisRunner static constructor.
RoslynAnalysisRunner will not be running.
RoslynAnalysisRunner has terminated.
Mono: successfully reloaded assembly
- Completed reload, in  0.608 seconds
Platform modules already initialized, skipping
Refreshing native plugins compatible for Editor in 0.30 ms, found 0 plugins.
Preloading 0 native plugins for Editor in 0.00 ms.
Unloading 1527 Unused Serialized files (Serialized files now loaded: 0)
System memory in use before: 72.0 MB.
System memory in use after: 72.1 MB.

Unloading 11 unused Assets to reduce memory usage. Loaded Objects now: 1997.
Total: 1.779200 ms (FindLiveObjects: 0.164300 ms CreateObjectMapping: 0.042600 ms MarkObjects: 1.556400 ms  DeleteObjects: 0.014700 ms)

========================================================================
Received Import Request.
  Time since last request: 18.914350 seconds.
  path: Assets/Scripts/PoolManager.cs
  artifactKey: Guid(d5a3282db31f5284ba6091e79709b17d) Importer(815301076,1909f56bfc062723c751e8b465ee728b)
Start importing Assets/Scripts/PoolManager.cs using Guid(d5a3282db31f5284ba6091e79709b17d) Importer(815301076,1909f56bfc062723c751e8b465ee728b)  -> (artifact id: '08454e42aa1bf8a02fadee0745968085') in 0.006931 seconds
  Import took 0.008990 seconds .

========================================================================
Received Prepare
Registering precompiled user dll's ...
Registered in 0.002210 seconds.
Begin MonoManager ReloadAssembly
Native extension for WindowsStandalone target not found
Native extension for WebGL target not found
Refreshing native plugins compatible for Editor in 0.33 ms, found 0 plugins.
Preloading 0 native plugins for Editor in 0.00 ms.
Invoked RoslynAnalysisRunner static constructor.
RoslynAnalysisRunner will not be running.
RoslynAnalysisRunner has terminated.
Mono: successfully reloaded assembly
- Completed reload, in  0.599 seconds
Platform modules already initialized, skipping
Refreshing native plugins compatible for Editor in 0.32 ms, found 0 plugins.
Preloading 0 native plugins for Editor in 0.00 ms.
Unloading 1527 Unused Serialized files (Serialized files now loaded: 0)
System memory in use before: 72.0 MB.
System memory in use after: 72.1 MB.

Unloading 11 unused Assets to reduce memory usage. Loaded Objects now: 2000.
Total: 2.724500 ms (FindLiveObjects: 0.530900 ms CreateObjectMapping: 0.067600 ms MarkObjects: 2.108200 ms  DeleteObjects: 0.016900 ms)

========================================================================
Received Import Request.
  Time since last request: 61.683299 seconds.
  path: Assets/Scripts/RootMotionHandle.cs
  artifactKey: Guid(136be9d4819848942b01f55b3d067799) Importer(815301076,1909f56bfc062723c751e8b465ee728b)
Start importing Assets/Scripts/RootMotionHandle.cs using Guid(136be9d4819848942b01f55b3d067799) Importer(815301076,1909f56bfc062723c751e8b465ee728b)  -> (artifact id: '160516e85af630025252bae22e7920fb') in 0.007418 seconds
  Import took 0.009454 seconds .

========================================================================
Received Prepare
Registering precompiled user dll's ...
Registered in 0.001820 seconds.
Begin MonoManager ReloadAssembly
Native extension for WindowsStandalone target not found
Native extension for WebGL target not found
Refreshing native plugins compatible for Editor in 0.32 ms, found 0 plugins.
Preloading 0 native plugins for Editor in 0.00 ms.
Invoked RoslynAnalysisRunner static constructor.
RoslynAnalysisRunner will not be running.
RoslynAnalysisRunner has terminated.
Mono: successfully reloaded assembly
- Completed reload, in  0.597 seconds
Platform modules already initialized, skipping
Refreshing native plugins compatible for Editor in 0.26 ms, found 0 plugins.
Preloading 0 native plugins for Editor in 0.00 ms.
Unloading 1527 Unused Serialized files (Serialized files now loaded: 0)
System memory in use before: 72.0 MB.
System memory in use after: 72.1 MB.

Unloading 11 unused Assets to reduce memory usage. Loaded Objects now: 2003.
Total: 1.684700 ms (FindLiveObjects: 0.130200 ms CreateObjectMapping: 0.033500 ms MarkObjects: 1.506100 ms  DeleteObjects: 0.014300 ms)

========================================================================
Received Import Request.
  Time since last request: 160.140183 seconds.
  path: Assets/Scripts/UIManager.cs
  artifactKey: Guid(1b3742a61dffe5a4a97d0f636d56bacd) Importer(815301076,1909f56bfc062723c751e8b465ee728b)
Start importing Assets/Scripts/UIManager.cs using Guid(1b3742a61dffe5a4a97d0f636d56bacd) Importer(815301076,1909f56bfc062723c751e8b465ee728b)  -> (artifact id: '4d5b89127b3cef61ea25e232d6b99303') in 0.008034 seconds
  Import took 0.010162 seconds .

========================================================================
Received Prepare
Registering precompiled user dll's ...
Registered in 0.002410 seconds.
Begin MonoManager ReloadAssembly
Native extension for WindowsStandalone target not found
Native extension for WebGL target not found
Refreshing native plugins compatible for Editor in 0.33 ms, found 0 plugins.
Preloading 0 native plugins for Editor in 0.00 ms.
Invoked RoslynAnalysisRunner static constructor.
RoslynAnalysisRunner will not be running.
RoslynAnalysisRunner has terminated.
Mono: successfully reloaded assembly
- Completed reload, in  0.578 seconds
Platform modules already initialized, skipping
Refreshing native plugins compatible for Editor in 0.19 ms, found 0 plugins.
Preloading 0 native plugins for Editor in 0.00 ms.
Unloading 1527 Unused Serialized files (Serialized files now loaded: 0)
System memory in use before: 72.0 MB.
System memory in use after: 72.1 MB.

Unloading 11 unused Assets to reduce memory usage. Loaded Objects now: 2006.
Total: 2.166600 ms (FindLiveObjects: 0.129900 ms CreateObjectMapping: 0.038000 ms MarkObjects: 1.985100 ms  DeleteObjects: 0.012900 ms)

